0 info it worked if it ends with ok
1 verbose cli [ '/home/jfmario/.nvm/v4.8.5/bin/node',
1 verbose cli   '/home/jfmario/.nvm/v4.8.5/bin/npm',
1 verbose cli   'update',
1 verbose cli   'carolina' ]
2 info using npm@2.1.1
3 info using node@v4.8.5
4 verbose stack Error: Unsupported URL Type: github:jfmario/carolina#v1.1.0
4 verbose stack     at parseUrl (/home/jfmario/.nvm/v4.8.5/lib/node_modules/npm/node_modules/npm-package-arg/npa.js:173:13)
4 verbose stack     at npa (/home/jfmario/.nvm/v4.8.5/lib/node_modules/npm/node_modules/npm-package-arg/npa.js:74:12)
4 verbose stack     at shouldUpdate (/home/jfmario/.nvm/v4.8.5/lib/node_modules/npm/lib/outdated.js:268:7)
4 verbose stack     at /home/jfmario/.nvm/v4.8.5/lib/node_modules/npm/lib/outdated.js:237:7
4 verbose stack     at /home/jfmario/.nvm/v4.8.5/lib/node_modules/npm/node_modules/slide/lib/async-map.js:52:35
4 verbose stack     at Array.forEach (native)
4 verbose stack     at /home/jfmario/.nvm/v4.8.5/lib/node_modules/npm/node_modules/slide/lib/async-map.js:52:11
4 verbose stack     at Array.forEach (native)
4 verbose stack     at asyncMap (/home/jfmario/.nvm/v4.8.5/lib/node_modules/npm/node_modules/slide/lib/async-map.js:51:8)
4 verbose stack     at next (/home/jfmario/.nvm/v4.8.5/lib/node_modules/npm/lib/outdated.js:236:5)
5 verbose cwd /home/jfmario/net/drive/share/projects/carolina-starter
6 error Linux 4.10.0-40-generic
7 error argv "/home/jfmario/.nvm/v4.8.5/bin/node" "/home/jfmario/.nvm/v4.8.5/bin/npm" "update" "carolina"
8 error node v4.8.5
9 error npm  v2.1.1
10 error Unsupported URL Type: github:jfmario/carolina#v1.1.0
11 error If you need help, you may report this error at:
11 error     <http://github.com/npm/npm/issues>
12 verbose exit [ 1, true ]
